{"C:\\Users\\Daniel\\Documents\\GitHub\\CampusLink\\app\\backend\\src\\index.ts": {"path":"C:\\Users\\Daniel\\Documents\\GitHub\\CampusLink\\app\\backend\\src\\index.ts","statementMap":{"0":{"start":{"line":1,"column":0},"end":{"line":1,"column":30}},"1":{"start":{"line":2,"column":0},"end":{"line":2,"column":32}},"2":{"start":{"line":3,"column":0},"end":{"line":3,"column":28}},"3":{"start":{"line":4,"column":0},"end":{"line":4,"column":24}},"4":{"start":{"line":5,"column":0},"end":{"line":5,"column":24}},"5":{"start":{"line":6,"column":0},"end":{"line":6,"column":53}},"6":{"start":{"line":7,"column":0},"end":{"line":7,"column":61}},"7":{"start":{"line":8,"column":0},"end":{"line":8,"column":47}},"8":{"start":{"line":10,"column":0},"end":{"line":10,"column":16}},"9":{"start":{"line":12,"column":12},"end":{"line":12,"column":21}},"10":{"start":{"line":104,"column":9},"end":{"line":104,"column":12}},"11":{"start":{"line":13,"column":13},"end":{"line":13,"column":37}},"12":{"start":{"line":16,"column":15},"end":{"line":16,"column":37}},"13":{"start":{"line":104,"column":14},"end":{"line":104,"column":20}},"14":{"start":{"line":19,"column":11},"end":{"line":25,"column":2}},"15":{"start":{"line":28,"column":0},"end":{"line":57,"column":3}},"16":{"start":{"line":29,"column":4},"end":{"line":29,"column":46}},"17":{"start":{"line":32,"column":4},"end":{"line":34,"column":7}},"18":{"start":{"line":33,"column":8},"end":{"line":33,"column":28}},"19":{"start":{"line":37,"column":4},"end":{"line":40,"column":7}},"20":{"start":{"line":38,"column":8},"end":{"line":38,"column":31}},"21":{"start":{"line":39,"column":8},"end":{"line":39,"column":57}},"22":{"start":{"line":43,"column":4},"end":{"line":46,"column":7}},"23":{"start":{"line":44,"column":8},"end":{"line":44,"column":32}},"24":{"start":{"line":45,"column":8},"end":{"line":45,"column":55}},"25":{"start":{"line":49,"column":4},"end":{"line":52,"column":7}},"26":{"start":{"line":50,"column":28},"end":{"line":50,"column":35}},"27":{"start":{"line":51,"column":8},"end":{"line":51,"column":56}},"28":{"start":{"line":54,"column":4},"end":{"line":56,"column":7}},"29":{"start":{"line":55,"column":8},"end":{"line":55,"column":53}},"30":{"start":{"line":60,"column":0},"end":{"line":60,"column":35}},"31":{"start":{"line":61,"column":20},"end":{"line":61,"column":120}},"32":{"start":{"line":63,"column":0},"end":{"line":63,"column":31}},"33":{"start":{"line":66,"column":0},"end":{"line":66,"column":24}},"34":{"start":{"line":67,"column":0},"end":{"line":73,"column":2}},"35":{"start":{"line":76,"column":0},"end":{"line":76,"column":22}},"36":{"start":{"line":79,"column":0},"end":{"line":79,"column":39}},"37":{"start":{"line":80,"column":0},"end":{"line":80,"column":60}},"38":{"start":{"line":81,"column":0},"end":{"line":81,"column":52}},"39":{"start":{"line":82,"column":0},"end":{"line":82,"column":44}},"40":{"start":{"line":83,"column":0},"end":{"line":83,"column":40}},"41":{"start":{"line":86,"column":0},"end":{"line":89,"column":3}},"42":{"start":{"line":87,"column":4},"end":{"line":87,"column":16}},"43":{"start":{"line":88,"column":4},"end":{"line":88,"column":11}},"44":{"start":{"line":92,"column":0},"end":{"line":92,"column":34}},"45":{"start":{"line":93,"column":0},"end":{"line":93,"column":33}},"46":{"start":{"line":94,"column":0},"end":{"line":94,"column":54}},"47":{"start":{"line":95,"column":0},"end":{"line":95,"column":46}},"48":{"start":{"line":96,"column":0},"end":{"line":96,"column":38}},"49":{"start":{"line":98,"column":0},"end":{"line":102,"column":1}},"50":{"start":{"line":99,"column":4},"end":{"line":101,"column":7}},"51":{"start":{"line":100,"column":8},"end":{"line":100,"column":57}}},"fnMap":{"0":{"name":"(anonymous_1)","decl":{"start":{"line":28,"column":20},"end":{"line":28,"column":21}},"loc":{"start":{"line":28,"column":31},"end":{"line":57,"column":1}}},"1":{"name":"(anonymous_2)","decl":{"start":{"line":32,"column":22},"end":{"line":32,"column":23}},"loc":{"start":{"line":32,"column":33},"end":{"line":34,"column":5}}},"2":{"name":"(anonymous_3)","decl":{"start":{"line":37,"column":30},"end":{"line":37,"column":31}},"loc":{"start":{"line":37,"column":44},"end":{"line":40,"column":5}}},"3":{"name":"(anonymous_4)","decl":{"start":{"line":43,"column":31},"end":{"line":43,"column":32}},"loc":{"start":{"line":43,"column":45},"end":{"line":46,"column":5}}},"4":{"name":"(anonymous_5)","decl":{"start":{"line":49,"column":38},"end":{"line":49,"column":39}},"loc":{"start":{"line":49,"column":50},"end":{"line":52,"column":5}}},"5":{"name":"(anonymous_6)","decl":{"start":{"line":54,"column":28},"end":{"line":54,"column":31}},"loc":{"start":{"line":54,"column":33},"end":{"line":56,"column":5}}},"6":{"name":"(anonymous_7)","decl":{"start":{"line":86,"column":8},"end":{"line":86,"column":9}},"loc":{"start":{"line":86,"column":27},"end":{"line":89,"column":1}}},"7":{"name":"(anonymous_8)","decl":{"start":{"line":99,"column":24},"end":{"line":99,"column":27}},"loc":{"start":{"line":99,"column":29},"end":{"line":101,"column":5}}}},"branchMap":{"0":{"loc":{"start":{"line":13,"column":13},"end":{"line":13,"column":37}},"type":"binary-expr","locations":[{"start":{"line":13,"column":13},"end":{"line":13,"column":29}},{"start":{"line":13,"column":33},"end":{"line":13,"column":37}}]},"1":{"loc":{"start":{"line":61,"column":20},"end":{"line":61,"column":120}},"type":"binary-expr","locations":[{"start":{"line":61,"column":20},"end":{"line":61,"column":44}},{"start":{"line":61,"column":48},"end":{"line":61,"column":120}}]},"2":{"loc":{"start":{"line":98,"column":0},"end":{"line":102,"column":1}},"type":"if","locations":[{"start":{"line":98,"column":0},"end":{"line":102,"column":1}}]}},"s":{"0":1,"1":1,"2":1,"3":1,"4":1,"5":1,"6":1,"7":1,"8":1,"9":1,"10":1,"11":1,"12":1,"13":1,"14":1,"15":1,"16":0,"17":0,"18":0,"19":0,"20":0,"21":0,"22":0,"23":0,"24":0,"25":0,"26":0,"27":0,"28":0,"29":0,"30":1,"31":1,"32":1,"33":1,"34":1,"35":1,"36":1,"37":1,"38":1,"39":1,"40":1,"41":1,"42":0,"43":0,"44":1,"45":1,"46":1,"47":1,"48":1,"49":1,"50":0,"51":0},"f":{"0":0,"1":0,"2":0,"3":0,"4":0,"5":0,"6":0,"7":0},"b":{"0":[1,1],"1":[1,1],"2":[0]}}
,"C:\\Users\\Daniel\\Documents\\GitHub\\CampusLink\\app\\backend\\src\\data\\Emails.ts": {"path":"C:\\Users\\Daniel\\Documents\\GitHub\\CampusLink\\app\\backend\\src\\data\\Emails.ts","statementMap":{"0":{"start":{"line":1,"column":13},"end":{"line":79,"column":2}},"1":{"start":{"line":2,"column":42},"end":{"line":26,"column":null}},"2":{"start":{"line":27,"column":61},"end":{"line":52,"column":null}},"3":{"start":{"line":53,"column":73},"end":{"line":78,"column":null}}},"fnMap":{"0":{"name":"(anonymous_0)","decl":{"start":{"line":2,"column":19},"end":{"line":2,"column":20}},"loc":{"start":{"line":2,"column":42},"end":{"line":26,"column":null}}},"1":{"name":"(anonymous_1)","decl":{"start":{"line":27,"column":17},"end":{"line":27,"column":18}},"loc":{"start":{"line":27,"column":61},"end":{"line":52,"column":null}}},"2":{"name":"(anonymous_2)","decl":{"start":{"line":53,"column":29},"end":{"line":53,"column":30}},"loc":{"start":{"line":53,"column":73},"end":{"line":78,"column":null}}}},"branchMap":{},"s":{"0":1,"1":0,"2":0,"3":0},"f":{"0":0,"1":0,"2":0},"b":{}}
,"C:\\Users\\Daniel\\Documents\\GitHub\\CampusLink\\app\\backend\\src\\middleware\\authMiddleware.ts": {"path":"C:\\Users\\Daniel\\Documents\\GitHub\\CampusLink\\app\\backend\\src\\middleware\\authMiddleware.ts","statementMap":{"0":{"start":{"line":1,"column":0},"end":{"line":1,"column":31}},"1":{"start":{"line":4,"column":26},"end":{"line":21,"column":1}},"2":{"start":{"line":5,"column":23},"end":{"line":5,"column":51}},"3":{"start":{"line":6,"column":18},"end":{"line":6,"column":56}},"4":{"start":{"line":8,"column":4},"end":{"line":10,"column":5}},"5":{"start":{"line":9,"column":8},"end":{"line":9,"column":83}},"6":{"start":{"line":12,"column":4},"end":{"line":20,"column":7}},"7":{"start":{"line":13,"column":8},"end":{"line":15,"column":9}},"8":{"start":{"line":14,"column":12},"end":{"line":14,"column":75}},"9":{"start":{"line":18,"column":8},"end":{"line":18,"column":24}},"10":{"start":{"line":19,"column":8},"end":{"line":19,"column":15}},"11":{"start":{"line":23,"column":0},"end":{"line":23,"column":33}}},"fnMap":{"0":{"name":"(anonymous_1)","decl":{"start":{"line":4,"column":26},"end":{"line":4,"column":27}},"loc":{"start":{"line":4,"column":78},"end":{"line":21,"column":1}}},"1":{"name":"(anonymous_2)","decl":{"start":{"line":12,"column":67},"end":{"line":12,"column":68}},"loc":{"start":{"line":12,"column":81},"end":{"line":20,"column":5}}}},"branchMap":{"0":{"loc":{"start":{"line":6,"column":18},"end":{"line":6,"column":56}},"type":"binary-expr","locations":[{"start":{"line":6,"column":18},"end":{"line":6,"column":28}},{"start":{"line":6,"column":32},"end":{"line":6,"column":56}}]},"1":{"loc":{"start":{"line":8,"column":4},"end":{"line":10,"column":5}},"type":"if","locations":[{"start":{"line":8,"column":4},"end":{"line":10,"column":5}}]},"2":{"loc":{"start":{"line":12,"column":22},"end":{"line":12,"column":65}},"type":"binary-expr","locations":[{"start":{"line":12,"column":22},"end":{"line":12,"column":44}},{"start":{"line":12,"column":48},"end":{"line":12,"column":65}}]},"3":{"loc":{"start":{"line":13,"column":8},"end":{"line":15,"column":9}},"type":"if","locations":[{"start":{"line":13,"column":8},"end":{"line":15,"column":9}}]}},"s":{"0":1,"1":1,"2":0,"3":0,"4":0,"5":0,"6":0,"7":0,"8":0,"9":0,"10":0,"11":1},"f":{"0":0,"1":0},"b":{"0":[0,0],"1":[0],"2":[0,0],"3":[0]}}
,"C:\\Users\\Daniel\\Documents\\GitHub\\CampusLink\\app\\backend\\src\\middleware\\staticMiddleware.ts": {"path":"C:\\Users\\Daniel\\Documents\\GitHub\\CampusLink\\app\\backend\\src\\middleware\\staticMiddleware.ts","statementMap":{"0":{"start":{"line":1,"column":0},"end":{"line":1,"column":24}},"1":{"start":{"line":3,"column":0},"end":{"line":3,"column":30}},"2":{"start":{"line":5,"column":25},"end":{"line":9,"column":1}},"3":{"start":{"line":7,"column":4},"end":{"line":7,"column":76}},"4":{"start":{"line":8,"column":4},"end":{"line":8,"column":82}},"5":{"start":{"line":11,"column":0},"end":{"line":11,"column":32}}},"fnMap":{"0":{"name":"(anonymous_1)","decl":{"start":{"line":5,"column":25},"end":{"line":5,"column":26}},"loc":{"start":{"line":5,"column":48},"end":{"line":9,"column":1}}}},"branchMap":{},"s":{"0":1,"1":1,"2":1,"3":1,"4":1,"5":1},"f":{"0":1},"b":{}}
,"C:\\Users\\Daniel\\Documents\\GitHub\\CampusLink\\app\\backend\\src\\models\\Channel.ts": {"path":"C:\\Users\\Daniel\\Documents\\GitHub\\CampusLink\\app\\backend\\src\\models\\Channel.ts","statementMap":{"0":{"start":{"line":1,"column":0},"end":{"line":1,"column":54}},"1":{"start":{"line":11,"column":30},"end":{"line":15,"column":2}},"2":{"start":{"line":17,"column":16},"end":{"line":17,"column":66}},"3":{"start":{"line":18,"column":0},"end":{"line":18,"column":23}}},"fnMap":{},"branchMap":{},"s":{"0":1,"1":1,"2":1,"3":1},"f":{},"b":{}}
,"C:\\Users\\Daniel\\Documents\\GitHub\\CampusLink\\app\\backend\\src\\models\\Connection.ts": {"path":"C:\\Users\\Daniel\\Documents\\GitHub\\CampusLink\\app\\backend\\src\\models\\Connection.ts","statementMap":{"0":{"start":{"line":1,"column":0},"end":{"line":1,"column":54}},"1":{"start":{"line":10,"column":33},"end":{"line":14,"column":2}},"2":{"start":{"line":16,"column":16},"end":{"line":16,"column":74}},"3":{"start":{"line":17,"column":0},"end":{"line":17,"column":23}}},"fnMap":{},"branchMap":{},"s":{"0":1,"1":1,"2":1,"3":1},"f":{},"b":{}}
,"C:\\Users\\Daniel\\Documents\\GitHub\\CampusLink\\app\\backend\\src\\models\\Message.ts": {"path":"C:\\Users\\Daniel\\Documents\\GitHub\\CampusLink\\app\\backend\\src\\models\\Message.ts","statementMap":{"0":{"start":{"line":1,"column":0},"end":{"line":1,"column":54}},"1":{"start":{"line":11,"column":30},"end":{"line":16,"column":2}},"2":{"start":{"line":18,"column":16},"end":{"line":18,"column":66}},"3":{"start":{"line":19,"column":0},"end":{"line":19,"column":23}}},"fnMap":{},"branchMap":{},"s":{"0":1,"1":1,"2":1,"3":1},"f":{},"b":{}}
,"C:\\Users\\Daniel\\Documents\\GitHub\\CampusLink\\app\\backend\\src\\models\\Server.ts": {"path":"C:\\Users\\Daniel\\Documents\\GitHub\\CampusLink\\app\\backend\\src\\models\\Server.ts","statementMap":{"0":{"start":{"line":1,"column":0},"end":{"line":1,"column":54}},"1":{"start":{"line":14,"column":29},"end":{"line":21,"column":2}},"2":{"start":{"line":23,"column":15},"end":{"line":23,"column":62}},"3":{"start":{"line":24,"column":0},"end":{"line":24,"column":22}}},"fnMap":{},"branchMap":{},"s":{"0":1,"1":1,"2":1,"3":1},"f":{},"b":{}}
,"C:\\Users\\Daniel\\Documents\\GitHub\\CampusLink\\app\\backend\\src\\models\\ServerMessage.ts": {"path":"C:\\Users\\Daniel\\Documents\\GitHub\\CampusLink\\app\\backend\\src\\models\\ServerMessage.ts","statementMap":{"0":{"start":{"line":1,"column":0},"end":{"line":1,"column":54}},"1":{"start":{"line":12,"column":36},"end":{"line":17,"column":2}},"2":{"start":{"line":19,"column":22},"end":{"line":19,"column":90}},"3":{"start":{"line":20,"column":0},"end":{"line":20,"column":29}}},"fnMap":{},"branchMap":{},"s":{"0":1,"1":1,"2":1,"3":1},"f":{},"b":{}}
,"C:\\Users\\Daniel\\Documents\\GitHub\\CampusLink\\app\\backend\\src\\models\\User.ts": {"path":"C:\\Users\\Daniel\\Documents\\GitHub\\CampusLink\\app\\backend\\src\\models\\User.ts","statementMap":{"0":{"start":{"line":1,"column":0},"end":{"line":1,"column":54}},"1":{"start":{"line":21,"column":27},"end":{"line":42,"column":2}},"2":{"start":{"line":44,"column":13},"end":{"line":44,"column":53}},"3":{"start":{"line":45,"column":0},"end":{"line":45,"column":20}}},"fnMap":{},"branchMap":{},"s":{"0":1,"1":1,"2":1,"3":1},"f":{},"b":{}}
,"C:\\Users\\Daniel\\Documents\\GitHub\\CampusLink\\app\\backend\\src\\routes\\auth.ts": {"path":"C:\\Users\\Daniel\\Documents\\GitHub\\CampusLink\\app\\backend\\src\\routes\\auth.ts","statementMap":{"0":{"start":{"line":1,"column":0},"end":{"line":1,"column":30}},"1":{"start":{"line":2,"column":0},"end":{"line":2,"column":30}},"2":{"start":{"line":3,"column":0},"end":{"line":3,"column":31}},"3":{"start":{"line":4,"column":0},"end":{"line":4,"column":34}},"4":{"start":{"line":5,"column":0},"end":{"line":5,"column":28}},"5":{"start":{"line":6,"column":0},"end":{"line":6,"column":28}},"6":{"start":{"line":7,"column":0},"end":{"line":7,"column":46}},"7":{"start":{"line":8,"column":0},"end":{"line":8,"column":60}},"8":{"start":{"line":9,"column":0},"end":{"line":9,"column":47}},"9":{"start":{"line":12,"column":15},"end":{"line":12,"column":31}},"10":{"start":{"line":14,"column":0},"end":{"line":14,"column":16}},"11":{"start":{"line":17,"column":0},"end":{"line":66,"column":3}},"12":{"start":{"line":18,"column":63},"end":{"line":18,"column":71}},"13":{"start":{"line":20,"column":4},"end":{"line":65,"column":5}},"14":{"start":{"line":21,"column":29},"end":{"line":21,"column":58}},"15":{"start":{"line":23,"column":8},"end":{"line":25,"column":9}},"16":{"start":{"line":24,"column":12},"end":{"line":24,"column":76}},"17":{"start":{"line":27,"column":31},"end":{"line":27,"column":62}},"18":{"start":{"line":28,"column":8},"end":{"line":28,"column":49}},"19":{"start":{"line":31,"column":27},"end":{"line":31,"column":59}},"20":{"start":{"line":32,"column":8},"end":{"line":32,"column":73}},"21":{"start":{"line":34,"column":24},"end":{"line":41,"column":10}},"22":{"start":{"line":43,"column":34},"end":{"line":43,"column":72}},"23":{"start":{"line":44,"column":8},"end":{"line":44,"column":54}},"24":{"start":{"line":45,"column":8},"end":{"line":45,"column":69}},"25":{"start":{"line":47,"column":8},"end":{"line":47,"column":29}},"26":{"start":{"line":49,"column":33},"end":{"line":49,"column":85}},"27":{"start":{"line":50,"column":24},"end":{"line":50,"column":43}},"28":{"start":{"line":51,"column":21},"end":{"line":51,"column":84}},"29":{"start":{"line":52,"column":21},"end":{"line":52,"column":76}},"30":{"start":{"line":54,"column":8},"end":{"line":54,"column":52}},"31":{"start":{"line":56,"column":8},"end":{"line":56,"column":96}},"32":{"start":{"line":58,"column":8},"end":{"line":64,"column":9}},"33":{"start":{"line":59,"column":12},"end":{"line":59,"column":68}},"34":{"start":{"line":60,"column":12},"end":{"line":60,"column":78}},"35":{"start":{"line":62,"column":12},"end":{"line":62,"column":54}},"36":{"start":{"line":63,"column":12},"end":{"line":63,"column":85}},"37":{"start":{"line":68,"column":0},"end":{"line":104,"column":3}},"38":{"start":{"line":69,"column":32},"end":{"line":69,"column":40}},"39":{"start":{"line":71,"column":4},"end":{"line":103,"column":5}},"40":{"start":{"line":72,"column":21},"end":{"line":72,"column":50}},"41":{"start":{"line":73,"column":8},"end":{"line":100,"column":9}},"42":{"start":{"line":74,"column":28},"end":{"line":74,"column":73}},"43":{"start":{"line":75,"column":12},"end":{"line":97,"column":13}},"44":{"start":{"line":76,"column":16},"end":{"line":94,"column":17}},"45":{"start":{"line":77,"column":34},"end":{"line":81,"column":22}},"46":{"start":{"line":82,"column":20},"end":{"line":91,"column":23}},"47":{"start":{"line":93,"column":20},"end":{"line":93,"column":null}},"48":{"start":{"line":96,"column":16},"end":{"line":96,"column":87}},"49":{"start":{"line":99,"column":12},"end":{"line":99,"column":84}},"50":{"start":{"line":102,"column":8},"end":{"line":102,"column":81}},"51":{"start":{"line":106,"column":0},"end":{"line":153,"column":3}},"52":{"start":{"line":107,"column":22},"end":{"line":107,"column":30}},"53":{"start":{"line":109,"column":4},"end":{"line":152,"column":5}},"54":{"start":{"line":110,"column":8},"end":{"line":110,"column":null}},"55":{"start":{"line":111,"column":21},"end":{"line":111,"column":50}},"56":{"start":{"line":113,"column":8},"end":{"line":115,"column":9}},"57":{"start":{"line":114,"column":12},"end":{"line":114,"column":92}},"58":{"start":{"line":117,"column":8},"end":{"line":117,"column":null}},"59":{"start":{"line":120,"column":27},"end":{"line":120,"column":65}},"60":{"start":{"line":121,"column":8},"end":{"line":121,"column":45}},"61":{"start":{"line":122,"column":8},"end":{"line":122,"column":67}},"62":{"start":{"line":124,"column":8},"end":{"line":124,"column":null}},"63":{"start":{"line":126,"column":8},"end":{"line":126,"column":26}},"64":{"start":{"line":129,"column":8},"end":{"line":129,"column":63}},"65":{"start":{"line":132,"column":26},"end":{"line":132,"column":71}},"66":{"start":{"line":133,"column":24},"end":{"line":133,"column":48}},"67":{"start":{"line":134,"column":21},"end":{"line":134,"column":107}},"68":{"start":{"line":135,"column":21},"end":{"line":135,"column":60}},"69":{"start":{"line":137,"column":8},"end":{"line":137,"column":47}},"70":{"start":{"line":140,"column":8},"end":{"line":140,"column":53}},"71":{"start":{"line":142,"column":8},"end":{"line":142,"column":57}},"72":{"start":{"line":143,"column":8},"end":{"line":143,"column":79}},"73":{"start":{"line":146,"column":8},"end":{"line":150,"column":9}},"74":{"start":{"line":147,"column":12},"end":{"line":147,"column":76}},"75":{"start":{"line":149,"column":12},"end":{"line":149,"column":54}},"76":{"start":{"line":151,"column":8},"end":{"line":151,"column":65}},"77":{"start":{"line":155,"column":0},"end":{"line":178,"column":3}},"78":{"start":{"line":156,"column":22},"end":{"line":156,"column":32}},"79":{"start":{"line":157,"column":25},"end":{"line":157,"column":33}},"80":{"start":{"line":159,"column":4},"end":{"line":177,"column":5}},"81":{"start":{"line":160,"column":21},"end":{"line":163,"column":10}},"82":{"start":{"line":165,"column":8},"end":{"line":167,"column":9}},"83":{"start":{"line":166,"column":12},"end":{"line":166,"column":81}},"84":{"start":{"line":169,"column":8},"end":{"line":169,"column":56}},"85":{"start":{"line":170,"column":8},"end":{"line":170,"column":44}},"86":{"start":{"line":171,"column":8},"end":{"line":171,"column":46}},"87":{"start":{"line":173,"column":8},"end":{"line":173,"column":26}},"88":{"start":{"line":174,"column":8},"end":{"line":174,"column":80}},"89":{"start":{"line":176,"column":8},"end":{"line":176,"column":65}},"90":{"start":{"line":180,"column":0},"end":{"line":217,"column":3}},"91":{"start":{"line":181,"column":22},"end":{"line":181,"column":30}},"92":{"start":{"line":183,"column":4},"end":{"line":216,"column":5}},"93":{"start":{"line":185,"column":21},"end":{"line":185,"column":50}},"94":{"start":{"line":187,"column":8},"end":{"line":189,"column":9}},"95":{"start":{"line":188,"column":12},"end":{"line":188,"column":71}},"96":{"start":{"line":192,"column":8},"end":{"line":194,"column":9}},"97":{"start":{"line":193,"column":12},"end":{"line":193,"column":89}},"98":{"start":{"line":197,"column":34},"end":{"line":197,"column":72}},"99":{"start":{"line":198,"column":8},"end":{"line":198,"column":51}},"100":{"start":{"line":199,"column":8},"end":{"line":199,"column":66}},"101":{"start":{"line":202,"column":8},"end":{"line":202,"column":26}},"102":{"start":{"line":205,"column":33},"end":{"line":205,"column":85}},"103":{"start":{"line":206,"column":24},"end":{"line":206,"column":43}},"104":{"start":{"line":207,"column":21},"end":{"line":207,"column":84}},"105":{"start":{"line":208,"column":21},"end":{"line":208,"column":81}},"106":{"start":{"line":210,"column":8},"end":{"line":210,"column":57}},"107":{"start":{"line":212,"column":8},"end":{"line":212,"column":89}},"108":{"start":{"line":214,"column":8},"end":{"line":214,"column":68}},"109":{"start":{"line":215,"column":8},"end":{"line":215,"column":65}},"110":{"start":{"line":220,"column":0},"end":{"line":247,"column":3}},"111":{"start":{"line":221,"column":22},"end":{"line":221,"column":32}},"112":{"start":{"line":223,"column":4},"end":{"line":246,"column":5}},"113":{"start":{"line":225,"column":21},"end":{"line":228,"column":10}},"114":{"start":{"line":230,"column":8},"end":{"line":232,"column":9}},"115":{"start":{"line":231,"column":12},"end":{"line":231,"column":81}},"116":{"start":{"line":235,"column":8},"end":{"line":235,"column":29}},"117":{"start":{"line":236,"column":8},"end":{"line":236,"column":43}},"118":{"start":{"line":237,"column":8},"end":{"line":237,"column":45}},"119":{"start":{"line":239,"column":8},"end":{"line":239,"column":26}},"120":{"start":{"line":242,"column":8},"end":{"line":242,"column":38}},"121":{"start":{"line":244,"column":8},"end":{"line":244,"column":55}},"122":{"start":{"line":245,"column":8},"end":{"line":245,"column":84}},"123":{"start":{"line":250,"column":0},"end":{"line":250,"column":22}}},"fnMap":{"0":{"name":"(anonymous_1)","decl":{"start":{"line":17,"column":25},"end":{"line":17,"column":30}},"loc":{"start":{"line":17,"column":44},"end":{"line":66,"column":1}}},"1":{"name":"(anonymous_2)","decl":{"start":{"line":68,"column":22},"end":{"line":68,"column":27}},"loc":{"start":{"line":68,"column":41},"end":{"line":104,"column":1}}},"2":{"name":"(anonymous_3)","decl":{"start":{"line":106,"column":32},"end":{"line":106,"column":37}},"loc":{"start":{"line":106,"column":51},"end":{"line":153,"column":1}}},"3":{"name":"(anonymous_4)","decl":{"start":{"line":155,"column":38},"end":{"line":155,"column":43}},"loc":{"start":{"line":155,"column":57},"end":{"line":178,"column":1}}},"4":{"name":"(anonymous_5)","decl":{"start":{"line":180,"column":36},"end":{"line":180,"column":41}},"loc":{"start":{"line":180,"column":55},"end":{"line":217,"column":1}}},"5":{"name":"(anonymous_6)","decl":{"start":{"line":220,"column":35},"end":{"line":220,"column":40}},"loc":{"start":{"line":220,"column":54},"end":{"line":247,"column":1}}}},"branchMap":{"0":{"loc":{"start":{"line":23,"column":8},"end":{"line":25,"column":9}},"type":"if","locations":[{"start":{"line":23,"column":8},"end":{"line":25,"column":9}}]},"1":{"loc":{"start":{"line":58,"column":8},"end":{"line":64,"column":9}},"type":"if","locations":[{"start":{"line":58,"column":8},"end":{"line":64,"column":9}},{"start":{"line":61,"column":15},"end":{"line":64,"column":9}}]},"2":{"loc":{"start":{"line":73,"column":8},"end":{"line":100,"column":9}},"type":"if","locations":[{"start":{"line":73,"column":8},"end":{"line":100,"column":9}},{"start":{"line":98,"column":15},"end":{"line":100,"column":9}}]},"3":{"loc":{"start":{"line":75,"column":12},"end":{"line":97,"column":13}},"type":"if","locations":[{"start":{"line":75,"column":12},"end":{"line":97,"column":13}},{"start":{"line":95,"column":19},"end":{"line":97,"column":13}}]},"4":{"loc":{"start":{"line":76,"column":16},"end":{"line":94,"column":17}},"type":"if","locations":[{"start":{"line":76,"column":16},"end":{"line":94,"column":17}},{"start":{"line":92,"column":23},"end":{"line":94,"column":17}}]},"5":{"loc":{"start":{"line":79,"column":24},"end":{"line":79,"column":67}},"type":"binary-expr","locations":[{"start":{"line":79,"column":24},"end":{"line":79,"column":46}},{"start":{"line":79,"column":50},"end":{"line":79,"column":67}}]},"6":{"loc":{"start":{"line":113,"column":8},"end":{"line":115,"column":9}},"type":"if","locations":[{"start":{"line":113,"column":8},"end":{"line":115,"column":9}}]},"7":{"loc":{"start":{"line":146,"column":8},"end":{"line":150,"column":9}},"type":"if","locations":[{"start":{"line":146,"column":8},"end":{"line":150,"column":9}},{"start":{"line":148,"column":15},"end":{"line":150,"column":9}}]},"8":{"loc":{"start":{"line":165,"column":8},"end":{"line":167,"column":9}},"type":"if","locations":[{"start":{"line":165,"column":8},"end":{"line":167,"column":9}}]},"9":{"loc":{"start":{"line":187,"column":8},"end":{"line":189,"column":9}},"type":"if","locations":[{"start":{"line":187,"column":8},"end":{"line":189,"column":9}}]},"10":{"loc":{"start":{"line":192,"column":8},"end":{"line":194,"column":9}},"type":"if","locations":[{"start":{"line":192,"column":8},"end":{"line":194,"column":9}}]},"11":{"loc":{"start":{"line":230,"column":8},"end":{"line":232,"column":9}},"type":"if","locations":[{"start":{"line":230,"column":8},"end":{"line":232,"column":9}}]}},"s":{"0":1,"1":1,"2":1,"3":1,"4":1,"5":1,"6":1,"7":1,"8":1,"9":1,"10":1,"11":1,"12":0,"13":0,"14":0,"15":0,"16":0,"17":0,"18":0,"19":0,"20":0,"21":0,"22":0,"23":0,"24":0,"25":0,"26":0,"27":0,"28":0,"29":0,"30":0,"31":0,"32":0,"33":0,"34":0,"35":0,"36":0,"37":1,"38":0,"39":0,"40":0,"41":0,"42":0,"43":0,"44":0,"45":0,"46":0,"47":0,"48":0,"49":0,"50":0,"51":1,"52":0,"53":0,"54":0,"55":0,"56":0,"57":0,"58":0,"59":0,"60":0,"61":0,"62":0,"63":0,"64":0,"65":0,"66":0,"67":0,"68":0,"69":0,"70":0,"71":0,"72":0,"73":0,"74":0,"75":0,"76":0,"77":1,"78":0,"79":0,"80":0,"81":0,"82":0,"83":0,"84":0,"85":0,"86":0,"87":0,"88":0,"89":0,"90":1,"91":0,"92":0,"93":0,"94":0,"95":0,"96":0,"97":0,"98":0,"99":0,"100":0,"101":0,"102":0,"103":0,"104":0,"105":0,"106":0,"107":0,"108":0,"109":0,"110":1,"111":0,"112":0,"113":0,"114":0,"115":0,"116":0,"117":0,"118":0,"119":0,"120":0,"121":0,"122":0,"123":1},"f":{"0":0,"1":0,"2":0,"3":0,"4":0,"5":0},"b":{"0":[0],"1":[0,0],"2":[0,0],"3":[0,0],"4":[0,0],"5":[0,0],"6":[0],"7":[0,0],"8":[0],"9":[0],"10":[0],"11":[0]}}
,"C:\\Users\\Daniel\\Documents\\GitHub\\CampusLink\\app\\backend\\src\\routes\\connections.ts": {"path":"C:\\Users\\Daniel\\Documents\\GitHub\\CampusLink\\app\\backend\\src\\routes\\connections.ts","statementMap":{"0":{"start":{"line":1,"column":0},"end":{"line":1,"column":30}},"1":{"start":{"line":2,"column":0},"end":{"line":2,"column":46}},"2":{"start":{"line":3,"column":0},"end":{"line":3,"column":34}},"3":{"start":{"line":4,"column":0},"end":{"line":4,"column":61}},"4":{"start":{"line":6,"column":15},"end":{"line":6,"column":31}},"5":{"start":{"line":9,"column":0},"end":{"line":50,"column":3}},"6":{"start":{"line":10,"column":27},"end":{"line":10,"column":35}},"7":{"start":{"line":11,"column":21},"end":{"line":11,"column":36}},"8":{"start":{"line":13,"column":4},"end":{"line":49,"column":5}},"9":{"start":{"line":14,"column":23},"end":{"line":14,"column":52}},"10":{"start":{"line":16,"column":8},"end":{"line":18,"column":9}},"11":{"start":{"line":17,"column":12},"end":{"line":17,"column":73}},"12":{"start":{"line":20,"column":26},"end":{"line":20,"column":60}},"13":{"start":{"line":22,"column":8},"end":{"line":24,"column":9}},"14":{"start":{"line":23,"column":12},"end":{"line":23,"column":93}},"15":{"start":{"line":26,"column":35},"end":{"line":31,"column":10}},"16":{"start":{"line":33,"column":8},"end":{"line":35,"column":9}},"17":{"start":{"line":34,"column":12},"end":{"line":34,"column":117}},"18":{"start":{"line":37,"column":30},"end":{"line":41,"column":10}},"19":{"start":{"line":43,"column":8},"end":{"line":43,"column":35}},"20":{"start":{"line":45,"column":8},"end":{"line":45,"column":85}},"21":{"start":{"line":47,"column":8},"end":{"line":47,"column":53}},"22":{"start":{"line":48,"column":8},"end":{"line":48,"column":90}},"23":{"start":{"line":52,"column":0},"end":{"line":76,"column":3}},"24":{"start":{"line":53,"column":22},"end":{"line":53,"column":30}},"25":{"start":{"line":54,"column":20},"end":{"line":54,"column":35}},"26":{"start":{"line":55,"column":4},"end":{"line":75,"column":5}},"27":{"start":{"line":57,"column":35},"end":{"line":62,"column":10}},"28":{"start":{"line":64,"column":8},"end":{"line":66,"column":9}},"29":{"start":{"line":65,"column":12},"end":{"line":65,"column":80}},"30":{"start":{"line":68,"column":8},"end":{"line":68,"column":42}},"31":{"start":{"line":70,"column":8},"end":{"line":70,"column":84}},"32":{"start":{"line":73,"column":8},"end":{"line":73,"column":59}},"33":{"start":{"line":74,"column":8},"end":{"line":74,"column":88}},"34":{"start":{"line":78,"column":0},"end":{"line":103,"column":3}},"35":{"start":{"line":79,"column":22},"end":{"line":79,"column":30}},"36":{"start":{"line":80,"column":20},"end":{"line":80,"column":35}},"37":{"start":{"line":81,"column":4},"end":{"line":102,"column":5}},"38":{"start":{"line":83,"column":35},"end":{"line":88,"column":10}},"39":{"start":{"line":90,"column":8},"end":{"line":92,"column":9}},"40":{"start":{"line":91,"column":12},"end":{"line":91,"column":80}},"41":{"start":{"line":94,"column":8},"end":{"line":94,"column":43}},"42":{"start":{"line":95,"column":8},"end":{"line":95,"column":40}},"43":{"start":{"line":97,"column":8},"end":{"line":97,"column":90}},"44":{"start":{"line":100,"column":8},"end":{"line":100,"column":57}},"45":{"start":{"line":101,"column":8},"end":{"line":101,"column":88}},"46":{"start":{"line":106,"column":0},"end":{"line":123,"column":3}},"47":{"start":{"line":107,"column":19},"end":{"line":107,"column":34}},"48":{"start":{"line":109,"column":4},"end":{"line":122,"column":5}},"49":{"start":{"line":111,"column":36},"end":{"line":116,"column":78}},"50":{"start":{"line":118,"column":8},"end":{"line":118,"column":57}},"51":{"start":{"line":120,"column":8},"end":{"line":120,"column":65}},"52":{"start":{"line":121,"column":8},"end":{"line":121,"column":90}},"53":{"start":{"line":125,"column":0},"end":{"line":140,"column":3}},"54":{"start":{"line":126,"column":19},"end":{"line":126,"column":34}},"55":{"start":{"line":128,"column":4},"end":{"line":139,"column":5}},"56":{"start":{"line":130,"column":36},"end":{"line":133,"column":71}},"57":{"start":{"line":135,"column":8},"end":{"line":135,"column":57}},"58":{"start":{"line":137,"column":8},"end":{"line":137,"column":81}},"59":{"start":{"line":138,"column":8},"end":{"line":138,"column":90}},"60":{"start":{"line":142,"column":0},"end":{"line":157,"column":3}},"61":{"start":{"line":143,"column":19},"end":{"line":143,"column":34}},"62":{"start":{"line":145,"column":4},"end":{"line":156,"column":5}},"63":{"start":{"line":147,"column":40},"end":{"line":150,"column":68}},"64":{"start":{"line":152,"column":8},"end":{"line":152,"column":61}},"65":{"start":{"line":154,"column":8},"end":{"line":154,"column":84}},"66":{"start":{"line":155,"column":8},"end":{"line":155,"column":90}},"67":{"start":{"line":159,"column":0},"end":{"line":159,"column":22}}},"fnMap":{"0":{"name":"(anonymous_1)","decl":{"start":{"line":9,"column":38},"end":{"line":9,"column":43}},"loc":{"start":{"line":9,"column":57},"end":{"line":50,"column":1}}},"1":{"name":"(anonymous_2)","decl":{"start":{"line":52,"column":41},"end":{"line":52,"column":46}},"loc":{"start":{"line":52,"column":60},"end":{"line":76,"column":1}}},"2":{"name":"(anonymous_3)","decl":{"start":{"line":78,"column":41},"end":{"line":78,"column":46}},"loc":{"start":{"line":78,"column":60},"end":{"line":103,"column":1}}},"3":{"name":"(anonymous_4)","decl":{"start":{"line":106,"column":42},"end":{"line":106,"column":47}},"loc":{"start":{"line":106,"column":61},"end":{"line":123,"column":1}}},"4":{"name":"(anonymous_5)","decl":{"start":{"line":125,"column":47},"end":{"line":125,"column":52}},"loc":{"start":{"line":125,"column":66},"end":{"line":140,"column":1}}},"5":{"name":"(anonymous_6)","decl":{"start":{"line":142,"column":51},"end":{"line":142,"column":56}},"loc":{"start":{"line":142,"column":70},"end":{"line":157,"column":1}}}},"branchMap":{"0":{"loc":{"start":{"line":16,"column":8},"end":{"line":18,"column":9}},"type":"if","locations":[{"start":{"line":16,"column":8},"end":{"line":18,"column":9}}]},"1":{"loc":{"start":{"line":22,"column":8},"end":{"line":24,"column":9}},"type":"if","locations":[{"start":{"line":22,"column":8},"end":{"line":24,"column":9}}]},"2":{"loc":{"start":{"line":33,"column":8},"end":{"line":35,"column":9}},"type":"if","locations":[{"start":{"line":33,"column":8},"end":{"line":35,"column":9}}]},"3":{"loc":{"start":{"line":64,"column":8},"end":{"line":66,"column":9}},"type":"if","locations":[{"start":{"line":64,"column":8},"end":{"line":66,"column":9}}]},"4":{"loc":{"start":{"line":90,"column":8},"end":{"line":92,"column":9}},"type":"if","locations":[{"start":{"line":90,"column":8},"end":{"line":92,"column":9}}]}},"s":{"0":1,"1":1,"2":1,"3":1,"4":1,"5":1,"6":0,"7":0,"8":0,"9":0,"10":0,"11":0,"12":0,"13":0,"14":0,"15":0,"16":0,"17":0,"18":0,"19":0,"20":0,"21":0,"22":0,"23":1,"24":0,"25":0,"26":0,"27":0,"28":0,"29":0,"30":0,"31":0,"32":0,"33":0,"34":1,"35":0,"36":0,"37":0,"38":0,"39":0,"40":0,"41":0,"42":0,"43":0,"44":0,"45":0,"46":1,"47":0,"48":0,"49":0,"50":0,"51":0,"52":0,"53":1,"54":0,"55":0,"56":0,"57":0,"58":0,"59":0,"60":1,"61":0,"62":0,"63":0,"64":0,"65":0,"66":0,"67":1},"f":{"0":0,"1":0,"2":0,"3":0,"4":0,"5":0},"b":{"0":[0],"1":[0],"2":[0],"3":[0],"4":[0]}}
,"C:\\Users\\Daniel\\Documents\\GitHub\\CampusLink\\app\\backend\\src\\routes\\direct-messages.ts": {"path":"C:\\Users\\Daniel\\Documents\\GitHub\\CampusLink\\app\\backend\\src\\routes\\direct-messages.ts","statementMap":{"0":{"start":{"line":1,"column":0},"end":{"line":1,"column":30}},"1":{"start":{"line":3,"column":0},"end":{"line":3,"column":40}},"2":{"start":{"line":4,"column":0},"end":{"line":4,"column":61}},"3":{"start":{"line":5,"column":0},"end":{"line":5,"column":46}},"4":{"start":{"line":8,"column":15},"end":{"line":8,"column":31}},"5":{"start":{"line":11,"column":0},"end":{"line":41,"column":3}},"6":{"start":{"line":12,"column":19},"end":{"line":12,"column":34}},"7":{"start":{"line":14,"column":4},"end":{"line":40,"column":5}},"8":{"start":{"line":15,"column":28},"end":{"line":20,"column":78}},"9":{"start":{"line":22,"column":35},"end":{"line":34,"column":10}},"10":{"start":{"line":23,"column":27},"end":{"line":25,"column":35}},"11":{"start":{"line":27,"column":12},"end":{"line":33,"column":14}},"12":{"start":{"line":36,"column":8},"end":{"line":36,"column":56}},"13":{"start":{"line":38,"column":8},"end":{"line":38,"column":68}},"14":{"start":{"line":39,"column":8},"end":{"line":39,"column":90}},"15":{"start":{"line":44,"column":0},"end":{"line":57,"column":3}},"16":{"start":{"line":45,"column":36},"end":{"line":45,"column":46}},"17":{"start":{"line":46,"column":4},"end":{"line":56,"column":5}},"18":{"start":{"line":47,"column":25},"end":{"line":52,"column":33}},"19":{"start":{"line":53,"column":8},"end":{"line":53,"column":39}},"20":{"start":{"line":55,"column":8},"end":{"line":55,"column":69}},"21":{"start":{"line":60,"column":0},"end":{"line":81,"column":3}},"22":{"start":{"line":61,"column":70},"end":{"line":61,"column":78}},"23":{"start":{"line":63,"column":4},"end":{"line":80,"column":5}},"24":{"start":{"line":64,"column":27},"end":{"line":70,"column":10}},"25":{"start":{"line":71,"column":8},"end":{"line":71,"column":32}},"26":{"start":{"line":74,"column":8},"end":{"line":74,"column":61}},"27":{"start":{"line":75,"column":8},"end":{"line":75,"column":58}},"28":{"start":{"line":77,"column":8},"end":{"line":77,"column":41}},"29":{"start":{"line":79,"column":8},"end":{"line":79,"column":66}},"30":{"start":{"line":83,"column":0},"end":{"line":83,"column":22}}},"fnMap":{"0":{"name":"(anonymous_1)","decl":{"start":{"line":11,"column":54},"end":{"line":11,"column":59}},"loc":{"start":{"line":11,"column":73},"end":{"line":41,"column":1}}},"1":{"name":"(anonymous_2)","decl":{"start":{"line":22,"column":51},"end":{"line":22,"column":61}},"loc":{"start":{"line":22,"column":64},"end":{"line":34,"column":9}}},"2":{"name":"(anonymous_3)","decl":{"start":{"line":44,"column":64},"end":{"line":44,"column":69}},"loc":{"start":{"line":44,"column":83},"end":{"line":57,"column":1}}},"3":{"name":"(anonymous_4)","decl":{"start":{"line":60,"column":43},"end":{"line":60,"column":48}},"loc":{"start":{"line":60,"column":62},"end":{"line":81,"column":1}}}},"branchMap":{"0":{"loc":{"start":{"line":23,"column":27},"end":{"line":25,"column":35}},"type":"cond-expr","locations":[{"start":{"line":24,"column":18},"end":{"line":24,"column":38}},{"start":{"line":25,"column":18},"end":{"line":25,"column":35}}]},"1":{"loc":{"start":{"line":32,"column":28},"end":{"line":32,"column":74}},"type":"binary-expr","locations":[{"start":{"line":32,"column":28},"end":{"line":32,"column":45}},{"start":{"line":32,"column":49},"end":{"line":32,"column":74}}]}},"s":{"0":1,"1":1,"2":1,"3":1,"4":1,"5":1,"6":0,"7":0,"8":0,"9":0,"10":0,"11":0,"12":0,"13":0,"14":0,"15":1,"16":0,"17":0,"18":0,"19":0,"20":0,"21":1,"22":0,"23":0,"24":0,"25":0,"26":0,"27":0,"28":0,"29":0,"30":1},"f":{"0":0,"1":0,"2":0,"3":0},"b":{"0":[0,0],"1":[0,0]}}
,"C:\\Users\\Daniel\\Documents\\GitHub\\CampusLink\\app\\backend\\src\\routes\\servers.ts": {"path":"C:\\Users\\Daniel\\Documents\\GitHub\\CampusLink\\app\\backend\\src\\routes\\servers.ts","statementMap":{"0":{"start":{"line":1,"column":0},"end":{"line":1,"column":30}},"1":{"start":{"line":2,"column":0},"end":{"line":2,"column":38}},"2":{"start":{"line":3,"column":0},"end":{"line":3,"column":40}},"3":{"start":{"line":4,"column":0},"end":{"line":4,"column":52}},"4":{"start":{"line":5,"column":0},"end":{"line":5,"column":61}},"5":{"start":{"line":6,"column":0},"end":{"line":6,"column":32}},"6":{"start":{"line":8,"column":15},"end":{"line":8,"column":31}},"7":{"start":{"line":10,"column":0},"end":{"line":47,"column":3}},"8":{"start":{"line":11,"column":41},"end":{"line":11,"column":49}},"9":{"start":{"line":12,"column":19},"end":{"line":12,"column":34}},"10":{"start":{"line":14,"column":4},"end":{"line":46,"column":5}},"11":{"start":{"line":16,"column":26},"end":{"line":21,"column":10}},"12":{"start":{"line":24,"column":8},"end":{"line":24,"column":31}},"13":{"start":{"line":27,"column":32},"end":{"line":33,"column":null}},"14":{"start":{"line":29,"column":35},"end":{"line":29,"column":97}},"15":{"start":{"line":30,"column":16},"end":{"line":30,"column":40}},"16":{"start":{"line":31,"column":16},"end":{"line":31,"column":56}},"17":{"start":{"line":32,"column":16},"end":{"line":32,"column":34}},"18":{"start":{"line":37,"column":8},"end":{"line":37,"column":31}},"19":{"start":{"line":40,"column":32},"end":{"line":40,"column":89}},"20":{"start":{"line":42,"column":8},"end":{"line":42,"column":46}},"21":{"start":{"line":44,"column":8},"end":{"line":44,"column":55}},"22":{"start":{"line":45,"column":8},"end":{"line":45,"column":67}},"23":{"start":{"line":49,"column":0},"end":{"line":58,"column":3}},"24":{"start":{"line":50,"column":4},"end":{"line":57,"column":5}},"25":{"start":{"line":51,"column":23},"end":{"line":51,"column":38}},"26":{"start":{"line":52,"column":24},"end":{"line":52,"column":83}},"27":{"start":{"line":53,"column":8},"end":{"line":53,"column":38}},"28":{"start":{"line":55,"column":8},"end":{"line":55,"column":56}},"29":{"start":{"line":56,"column":8},"end":{"line":56,"column":68}},"30":{"start":{"line":60,"column":0},"end":{"line":71,"column":3}},"31":{"start":{"line":61,"column":19},"end":{"line":61,"column":34}},"32":{"start":{"line":63,"column":4},"end":{"line":70,"column":5}},"33":{"start":{"line":65,"column":30},"end":{"line":65,"column":91}},"34":{"start":{"line":66,"column":8},"end":{"line":66,"column":44}},"35":{"start":{"line":68,"column":8},"end":{"line":68,"column":63}},"36":{"start":{"line":69,"column":8},"end":{"line":69,"column":75}},"37":{"start":{"line":74,"column":0},"end":{"line":98,"column":3}},"38":{"start":{"line":75,"column":25},"end":{"line":75,"column":33}},"39":{"start":{"line":76,"column":19},"end":{"line":76,"column":34}},"40":{"start":{"line":78,"column":4},"end":{"line":97,"column":5}},"41":{"start":{"line":79,"column":23},"end":{"line":79,"column":75}},"42":{"start":{"line":80,"column":8},"end":{"line":82,"column":9}},"43":{"start":{"line":81,"column":12},"end":{"line":81,"column":73}},"44":{"start":{"line":84,"column":8},"end":{"line":86,"column":9}},"45":{"start":{"line":85,"column":12},"end":{"line":85,"column":88}},"46":{"start":{"line":88,"column":8},"end":{"line":88,"column":36}},"47":{"start":{"line":89,"column":8},"end":{"line":89,"column":28}},"48":{"start":{"line":92,"column":27},"end":{"line":92,"column":79}},"49":{"start":{"line":93,"column":8},"end":{"line":93,"column":48}},"50":{"start":{"line":95,"column":8},"end":{"line":95,"column":54}},"51":{"start":{"line":96,"column":8},"end":{"line":96,"column":90}},"52":{"start":{"line":101,"column":0},"end":{"line":116,"column":3}},"53":{"start":{"line":102,"column":25},"end":{"line":102,"column":35}},"54":{"start":{"line":104,"column":4},"end":{"line":115,"column":5}},"55":{"start":{"line":105,"column":23},"end":{"line":105,"column":75}},"56":{"start":{"line":106,"column":8},"end":{"line":109,"column":9}},"57":{"start":{"line":107,"column":12},"end":{"line":107,"column":66}},"58":{"start":{"line":108,"column":12},"end":{"line":108,"column":73}},"59":{"start":{"line":111,"column":8},"end":{"line":111,"column":53}},"60":{"start":{"line":113,"column":8},"end":{"line":113,"column":57}},"61":{"start":{"line":114,"column":8},"end":{"line":114,"column":90}},"62":{"start":{"line":119,"column":0},"end":{"line":134,"column":3}},"63":{"start":{"line":120,"column":25},"end":{"line":120,"column":35}},"64":{"start":{"line":122,"column":4},"end":{"line":133,"column":5}},"65":{"start":{"line":123,"column":23},"end":{"line":123,"column":117}},"66":{"start":{"line":124,"column":8},"end":{"line":127,"column":9}},"67":{"start":{"line":125,"column":12},"end":{"line":125,"column":66}},"68":{"start":{"line":126,"column":12},"end":{"line":126,"column":73}},"69":{"start":{"line":129,"column":8},"end":{"line":129,"column":52}},"70":{"start":{"line":131,"column":8},"end":{"line":131,"column":63}},"71":{"start":{"line":132,"column":8},"end":{"line":132,"column":90}},"72":{"start":{"line":136,"column":0},"end":{"line":158,"column":3}},"73":{"start":{"line":137,"column":26},"end":{"line":137,"column":36}},"74":{"start":{"line":139,"column":4},"end":{"line":157,"column":5}},"75":{"start":{"line":140,"column":8},"end":{"line":140,"column":70}},"76":{"start":{"line":143,"column":34},"end":{"line":143,"column":72}},"77":{"start":{"line":145,"column":24},"end":{"line":145,"column":86}},"78":{"start":{"line":147,"column":8},"end":{"line":150,"column":9}},"79":{"start":{"line":148,"column":12},"end":{"line":148,"column":68}},"80":{"start":{"line":149,"column":12},"end":{"line":149,"column":74}},"81":{"start":{"line":152,"column":8},"end":{"line":152,"column":70}},"82":{"start":{"line":153,"column":8},"end":{"line":153,"column":54}},"83":{"start":{"line":155,"column":8},"end":{"line":155,"column":57}},"84":{"start":{"line":156,"column":8},"end":{"line":156,"column":90}},"85":{"start":{"line":160,"column":0},"end":{"line":196,"column":3}},"86":{"start":{"line":161,"column":26},"end":{"line":161,"column":36}},"87":{"start":{"line":162,"column":55},"end":{"line":162,"column":63}},"88":{"start":{"line":164,"column":4},"end":{"line":195,"column":5}},"89":{"start":{"line":165,"column":8},"end":{"line":165,"column":78}},"90":{"start":{"line":166,"column":8},"end":{"line":166,"column":85}},"91":{"start":{"line":169,"column":34},"end":{"line":169,"column":72}},"92":{"start":{"line":172,"column":27},"end":{"line":172,"column":116}},"93":{"start":{"line":173,"column":8},"end":{"line":173,"column":32}},"94":{"start":{"line":176,"column":24},"end":{"line":176,"column":65}},"95":{"start":{"line":178,"column":8},"end":{"line":181,"column":9}},"96":{"start":{"line":179,"column":12},"end":{"line":179,"column":68}},"97":{"start":{"line":180,"column":12},"end":{"line":180,"column":74}},"98":{"start":{"line":183,"column":8},"end":{"line":183,"column":46}},"99":{"start":{"line":184,"column":8},"end":{"line":184,"column":29}},"100":{"start":{"line":186,"column":8},"end":{"line":186,"column":80}},"101":{"start":{"line":189,"column":8},"end":{"line":189,"column":65}},"102":{"start":{"line":191,"column":8},"end":{"line":191,"column":48}},"103":{"start":{"line":193,"column":8},"end":{"line":193,"column":55}},"104":{"start":{"line":194,"column":8},"end":{"line":194,"column":90}},"105":{"start":{"line":198,"column":0},"end":{"line":220,"column":3}},"106":{"start":{"line":199,"column":25},"end":{"line":199,"column":35}},"107":{"start":{"line":200,"column":19},"end":{"line":200,"column":34}},"108":{"start":{"line":202,"column":4},"end":{"line":219,"column":5}},"109":{"start":{"line":203,"column":23},"end":{"line":203,"column":54}},"110":{"start":{"line":204,"column":8},"end":{"line":206,"column":9}},"111":{"start":{"line":205,"column":12},"end":{"line":205,"column":73}},"112":{"start":{"line":208,"column":8},"end":{"line":210,"column":9}},"113":{"start":{"line":209,"column":12},"end":{"line":209,"column":69}},"114":{"start":{"line":212,"column":8},"end":{"line":212,"column":57}},"115":{"start":{"line":213,"column":8},"end":{"line":213,"column":49}},"116":{"start":{"line":215,"column":8},"end":{"line":215,"column":73}},"117":{"start":{"line":217,"column":8},"end":{"line":217,"column":55}},"118":{"start":{"line":218,"column":8},"end":{"line":218,"column":69}},"119":{"start":{"line":222,"column":0},"end":{"line":246,"column":3}},"120":{"start":{"line":223,"column":25},"end":{"line":223,"column":35}},"121":{"start":{"line":224,"column":19},"end":{"line":224,"column":34}},"122":{"start":{"line":226,"column":4},"end":{"line":245,"column":5}},"123":{"start":{"line":227,"column":23},"end":{"line":227,"column":54}},"124":{"start":{"line":228,"column":8},"end":{"line":230,"column":9}},"125":{"start":{"line":229,"column":12},"end":{"line":229,"column":73}},"126":{"start":{"line":232,"column":8},"end":{"line":236,"column":9}},"127":{"start":{"line":233,"column":12},"end":{"line":235,"column":15}},"128":{"start":{"line":238,"column":8},"end":{"line":238,"column":93}},"129":{"start":{"line":238,"column":61},"end":{"line":238,"column":91}},"130":{"start":{"line":239,"column":8},"end":{"line":239,"column":28}},"131":{"start":{"line":241,"column":8},"end":{"line":241,"column":74}},"132":{"start":{"line":243,"column":8},"end":{"line":243,"column":54}},"133":{"start":{"line":244,"column":8},"end":{"line":244,"column":68}},"134":{"start":{"line":248,"column":0},"end":{"line":318,"column":3}},"135":{"start":{"line":249,"column":25},"end":{"line":249,"column":35}},"136":{"start":{"line":250,"column":93},"end":{"line":250,"column":101}},"137":{"start":{"line":251,"column":19},"end":{"line":251,"column":34}},"138":{"start":{"line":253,"column":4},"end":{"line":317,"column":5}},"139":{"start":{"line":254,"column":23},"end":{"line":254,"column":54}},"140":{"start":{"line":255,"column":8},"end":{"line":257,"column":9}},"141":{"start":{"line":256,"column":12},"end":{"line":256,"column":73}},"142":{"start":{"line":260,"column":8},"end":{"line":262,"column":9}},"143":{"start":{"line":261,"column":12},"end":{"line":261,"column":69}},"144":{"start":{"line":265,"column":8},"end":{"line":265,"column":37}},"145":{"start":{"line":265,"column":18},"end":{"line":265,"column":37}},"146":{"start":{"line":268,"column":8},"end":{"line":304,"column":9}},"147":{"start":{"line":269,"column":36},"end":{"line":296,"column":null}},"148":{"start":{"line":271,"column":20},"end":{"line":295,"column":21}},"149":{"start":{"line":273,"column":24},"end":{"line":275,"column":25}},"150":{"start":{"line":274,"column":28},"end":{"line":274,"column":92}},"151":{"start":{"line":278,"column":47},"end":{"line":281,"column":null}},"152":{"start":{"line":284,"column":24},"end":{"line":286,"column":25}},"153":{"start":{"line":285,"column":28},"end":{"line":285,"column":88}},"154":{"start":{"line":288,"column":24},"end":{"line":288,"column":46}},"155":{"start":{"line":291,"column":43},"end":{"line":291,"column":98}},"156":{"start":{"line":292,"column":24},"end":{"line":292,"column":48}},"157":{"start":{"line":293,"column":24},"end":{"line":293,"column":61}},"158":{"start":{"line":294,"column":24},"end":{"line":294,"column":42}},"159":{"start":{"line":300,"column":38},"end":{"line":300,"column":94}},"160":{"start":{"line":300,"column":71},"end":{"line":300,"column":93}},"161":{"start":{"line":301,"column":12},"end":{"line":303,"column":14}},"162":{"start":{"line":302,"column":16},"end":{"line":302,"column":64}},"163":{"start":{"line":306,"column":8},"end":{"line":306,"column":28}},"164":{"start":{"line":307,"column":30},"end":{"line":307,"column":84}},"165":{"start":{"line":308,"column":8},"end":{"line":308,"column":44}},"166":{"start":{"line":310,"column":8},"end":{"line":316,"column":9}},"167":{"start":{"line":311,"column":12},"end":{"line":311,"column":67}},"168":{"start":{"line":312,"column":12},"end":{"line":312,"column":91}},"169":{"start":{"line":314,"column":12},"end":{"line":314,"column":67}},"170":{"start":{"line":315,"column":12},"end":{"line":315,"column":98}},"171":{"start":{"line":320,"column":0},"end":{"line":341,"column":3}},"172":{"start":{"line":321,"column":25},"end":{"line":321,"column":35}},"173":{"start":{"line":323,"column":4},"end":{"line":340,"column":5}},"174":{"start":{"line":325,"column":8},"end":{"line":327,"column":9}},"175":{"start":{"line":326,"column":12},"end":{"line":326,"column":74}},"176":{"start":{"line":330,"column":23},"end":{"line":330,"column":75}},"177":{"start":{"line":331,"column":8},"end":{"line":333,"column":9}},"178":{"start":{"line":332,"column":12},"end":{"line":332,"column":73}},"179":{"start":{"line":336,"column":8},"end":{"line":336,"column":37}},"180":{"start":{"line":338,"column":8},"end":{"line":338,"column":55}},"181":{"start":{"line":339,"column":8},"end":{"line":339,"column":67}},"182":{"start":{"line":344,"column":0},"end":{"line":344,"column":22}}},"fnMap":{"0":{"name":"(anonymous_1)","decl":{"start":{"line":10,"column":42},"end":{"line":10,"column":47}},"loc":{"start":{"line":10,"column":61},"end":{"line":47,"column":1}}},"1":{"name":"(anonymous_2)","decl":{"start":{"line":28,"column":25},"end":{"line":28,"column":30}},"loc":{"start":{"line":28,"column":65},"end":{"line":33,"column":13}}},"2":{"name":"(anonymous_3)","decl":{"start":{"line":49,"column":35},"end":{"line":49,"column":40}},"loc":{"start":{"line":49,"column":54},"end":{"line":58,"column":1}}},"3":{"name":"(anonymous_4)","decl":{"start":{"line":60,"column":41},"end":{"line":60,"column":46}},"loc":{"start":{"line":60,"column":60},"end":{"line":71,"column":1}}},"4":{"name":"(anonymous_5)","decl":{"start":{"line":74,"column":40},"end":{"line":74,"column":45}},"loc":{"start":{"line":74,"column":59},"end":{"line":98,"column":1}}},"5":{"name":"(anonymous_6)","decl":{"start":{"line":101,"column":53},"end":{"line":101,"column":58}},"loc":{"start":{"line":101,"column":72},"end":{"line":116,"column":1}}},"6":{"name":"(anonymous_7)","decl":{"start":{"line":119,"column":52},"end":{"line":119,"column":57}},"loc":{"start":{"line":119,"column":71},"end":{"line":134,"column":1}}},"7":{"name":"(anonymous_8)","decl":{"start":{"line":136,"column":73},"end":{"line":136,"column":78}},"loc":{"start":{"line":136,"column":92},"end":{"line":158,"column":1}}},"8":{"name":"(anonymous_9)","decl":{"start":{"line":160,"column":73},"end":{"line":160,"column":78}},"loc":{"start":{"line":160,"column":92},"end":{"line":196,"column":1}}},"9":{"name":"(anonymous_10)","decl":{"start":{"line":198,"column":47},"end":{"line":198,"column":52}},"loc":{"start":{"line":198,"column":66},"end":{"line":220,"column":1}}},"10":{"name":"(anonymous_11)","decl":{"start":{"line":222,"column":51},"end":{"line":222,"column":56}},"loc":{"start":{"line":222,"column":70},"end":{"line":246,"column":1}}},"11":{"name":"(anonymous_12)","decl":{"start":{"line":238,"column":47},"end":{"line":238,"column":48}},"loc":{"start":{"line":238,"column":61},"end":{"line":238,"column":91}}},"12":{"name":"(anonymous_13)","decl":{"start":{"line":248,"column":44},"end":{"line":248,"column":49}},"loc":{"start":{"line":248,"column":63},"end":{"line":318,"column":1}}},"13":{"name":"(anonymous_14)","decl":{"start":{"line":270,"column":29},"end":{"line":270,"column":34}},"loc":{"start":{"line":270,"column":79},"end":{"line":296,"column":17}}},"14":{"name":"(anonymous_15)","decl":{"start":{"line":300,"column":58},"end":{"line":300,"column":59}},"loc":{"start":{"line":300,"column":71},"end":{"line":300,"column":93}}},"15":{"name":"(anonymous_16)","decl":{"start":{"line":301,"column":53},"end":{"line":301,"column":54}},"loc":{"start":{"line":302,"column":16},"end":{"line":302,"column":64}}},"16":{"name":"(anonymous_17)","decl":{"start":{"line":320,"column":44},"end":{"line":320,"column":49}},"loc":{"start":{"line":320,"column":63},"end":{"line":341,"column":1}}}},"branchMap":{"0":{"loc":{"start":{"line":80,"column":8},"end":{"line":82,"column":9}},"type":"if","locations":[{"start":{"line":80,"column":8},"end":{"line":82,"column":9}}]},"1":{"loc":{"start":{"line":84,"column":8},"end":{"line":86,"column":9}},"type":"if","locations":[{"start":{"line":84,"column":8},"end":{"line":86,"column":9}}]},"2":{"loc":{"start":{"line":106,"column":8},"end":{"line":109,"column":9}},"type":"if","locations":[{"start":{"line":106,"column":8},"end":{"line":109,"column":9}}]},"3":{"loc":{"start":{"line":124,"column":8},"end":{"line":127,"column":9}},"type":"if","locations":[{"start":{"line":124,"column":8},"end":{"line":127,"column":9}}]},"4":{"loc":{"start":{"line":147,"column":8},"end":{"line":150,"column":9}},"type":"if","locations":[{"start":{"line":147,"column":8},"end":{"line":150,"column":9}}]},"5":{"loc":{"start":{"line":178,"column":8},"end":{"line":181,"column":9}},"type":"if","locations":[{"start":{"line":178,"column":8},"end":{"line":181,"column":9}}]},"6":{"loc":{"start":{"line":204,"column":8},"end":{"line":206,"column":9}},"type":"if","locations":[{"start":{"line":204,"column":8},"end":{"line":206,"column":9}}]},"7":{"loc":{"start":{"line":208,"column":8},"end":{"line":210,"column":9}},"type":"if","locations":[{"start":{"line":208,"column":8},"end":{"line":210,"column":9}}]},"8":{"loc":{"start":{"line":228,"column":8},"end":{"line":230,"column":9}},"type":"if","locations":[{"start":{"line":228,"column":8},"end":{"line":230,"column":9}}]},"9":{"loc":{"start":{"line":232,"column":8},"end":{"line":236,"column":9}},"type":"if","locations":[{"start":{"line":232,"column":8},"end":{"line":236,"column":9}}]},"10":{"loc":{"start":{"line":255,"column":8},"end":{"line":257,"column":9}},"type":"if","locations":[{"start":{"line":255,"column":8},"end":{"line":257,"column":9}}]},"11":{"loc":{"start":{"line":260,"column":8},"end":{"line":262,"column":9}},"type":"if","locations":[{"start":{"line":260,"column":8},"end":{"line":262,"column":9}}]},"12":{"loc":{"start":{"line":265,"column":8},"end":{"line":265,"column":37}},"type":"if","locations":[{"start":{"line":265,"column":8},"end":{"line":265,"column":37}}]},"13":{"loc":{"start":{"line":268,"column":8},"end":{"line":304,"column":9}},"type":"if","locations":[{"start":{"line":268,"column":8},"end":{"line":304,"column":9}}]},"14":{"loc":{"start":{"line":271,"column":20},"end":{"line":295,"column":21}},"type":"if","locations":[{"start":{"line":271,"column":20},"end":{"line":295,"column":21}},{"start":{"line":289,"column":27},"end":{"line":295,"column":21}}]},"15":{"loc":{"start":{"line":273,"column":24},"end":{"line":275,"column":25}},"type":"if","locations":[{"start":{"line":273,"column":24},"end":{"line":275,"column":25}}]},"16":{"loc":{"start":{"line":284,"column":24},"end":{"line":286,"column":25}},"type":"if","locations":[{"start":{"line":284,"column":24},"end":{"line":286,"column":25}}]},"17":{"loc":{"start":{"line":310,"column":8},"end":{"line":316,"column":9}},"type":"if","locations":[{"start":{"line":310,"column":8},"end":{"line":316,"column":9}},{"start":{"line":313,"column":15},"end":{"line":316,"column":9}}]},"18":{"loc":{"start":{"line":325,"column":8},"end":{"line":327,"column":9}},"type":"if","locations":[{"start":{"line":325,"column":8},"end":{"line":327,"column":9}}]},"19":{"loc":{"start":{"line":331,"column":8},"end":{"line":333,"column":9}},"type":"if","locations":[{"start":{"line":331,"column":8},"end":{"line":333,"column":9}}]}},"s":{"0":1,"1":1,"2":1,"3":1,"4":1,"5":1,"6":1,"7":1,"8":0,"9":0,"10":0,"11":0,"12":0,"13":0,"14":0,"15":0,"16":0,"17":0,"18":0,"19":0,"20":0,"21":0,"22":0,"23":1,"24":0,"25":0,"26":0,"27":0,"28":0,"29":0,"30":1,"31":0,"32":0,"33":0,"34":0,"35":0,"36":0,"37":1,"38":0,"39":0,"40":0,"41":0,"42":0,"43":0,"44":0,"45":0,"46":0,"47":0,"48":0,"49":0,"50":0,"51":0,"52":1,"53":0,"54":0,"55":0,"56":0,"57":0,"58":0,"59":0,"60":0,"61":0,"62":1,"63":0,"64":0,"65":0,"66":0,"67":0,"68":0,"69":0,"70":0,"71":0,"72":1,"73":0,"74":0,"75":0,"76":0,"77":0,"78":0,"79":0,"80":0,"81":0,"82":0,"83":0,"84":0,"85":1,"86":0,"87":0,"88":0,"89":0,"90":0,"91":0,"92":0,"93":0,"94":0,"95":0,"96":0,"97":0,"98":0,"99":0,"100":0,"101":0,"102":0,"103":0,"104":0,"105":1,"106":0,"107":0,"108":0,"109":0,"110":0,"111":0,"112":0,"113":0,"114":0,"115":0,"116":0,"117":0,"118":0,"119":1,"120":0,"121":0,"122":0,"123":0,"124":0,"125":0,"126":0,"127":0,"128":0,"129":0,"130":0,"131":0,"132":0,"133":0,"134":1,"135":0,"136":0,"137":0,"138":0,"139":0,"140":0,"141":0,"142":0,"143":0,"144":0,"145":0,"146":0,"147":0,"148":0,"149":0,"150":0,"151":0,"152":0,"153":0,"154":0,"155":0,"156":0,"157":0,"158":0,"159":0,"160":0,"161":0,"162":0,"163":0,"164":0,"165":0,"166":0,"167":0,"168":0,"169":0,"170":0,"171":1,"172":0,"173":0,"174":0,"175":0,"176":0,"177":0,"178":0,"179":0,"180":0,"181":0,"182":1},"f":{"0":0,"1":0,"2":0,"3":0,"4":0,"5":0,"6":0,"7":0,"8":0,"9":0,"10":0,"11":0,"12":0,"13":0,"14":0,"15":0,"16":0},"b":{"0":[0],"1":[0],"2":[0],"3":[0],"4":[0],"5":[0],"6":[0],"7":[0],"8":[0],"9":[0],"10":[0],"11":[0],"12":[0],"13":[0],"14":[0,0],"15":[0],"16":[0],"17":[0,0],"18":[0],"19":[0]}}
,"C:\\Users\\Daniel\\Documents\\GitHub\\CampusLink\\app\\backend\\src\\routes\\users.ts": {"path":"C:\\Users\\Daniel\\Documents\\GitHub\\CampusLink\\app\\backend\\src\\routes\\users.ts","statementMap":{"0":{"start":{"line":1,"column":0},"end":{"line":1,"column":30}},"1":{"start":{"line":2,"column":0},"end":{"line":2,"column":30}},"2":{"start":{"line":3,"column":0},"end":{"line":3,"column":34}},"3":{"start":{"line":4,"column":0},"end":{"line":4,"column":61}},"4":{"start":{"line":5,"column":0},"end":{"line":5,"column":28}},"5":{"start":{"line":6,"column":0},"end":{"line":6,"column":46}},"6":{"start":{"line":7,"column":0},"end":{"line":7,"column":47}},"7":{"start":{"line":9,"column":15},"end":{"line":9,"column":31}},"8":{"start":{"line":12,"column":0},"end":{"line":29,"column":3}},"9":{"start":{"line":13,"column":4},"end":{"line":28,"column":5}},"10":{"start":{"line":14,"column":21},"end":{"line":14,"column":59}},"11":{"start":{"line":15,"column":8},"end":{"line":17,"column":9}},"12":{"start":{"line":16,"column":12},"end":{"line":16,"column":71}},"13":{"start":{"line":18,"column":8},"end":{"line":24,"column":11}},"14":{"start":{"line":26,"column":8},"end":{"line":26,"column":53}},"15":{"start":{"line":27,"column":8},"end":{"line":27,"column":58}},"16":{"start":{"line":32,"column":0},"end":{"line":97,"column":3}},"17":{"start":{"line":33,"column":78},"end":{"line":33,"column":86}},"18":{"start":{"line":34,"column":4},"end":{"line":96,"column":5}},"19":{"start":{"line":35,"column":21},"end":{"line":35,"column":59}},"20":{"start":{"line":37,"column":8},"end":{"line":39,"column":9}},"21":{"start":{"line":38,"column":12},"end":{"line":38,"column":71}},"22":{"start":{"line":42,"column":8},"end":{"line":44,"column":9}},"23":{"start":{"line":43,"column":12},"end":{"line":43,"column":69}},"24":{"start":{"line":47,"column":8},"end":{"line":47,"column":50}},"25":{"start":{"line":47,"column":23},"end":{"line":47,"column":50}},"26":{"start":{"line":48,"column":8},"end":{"line":48,"column":47}},"27":{"start":{"line":48,"column":22},"end":{"line":48,"column":47}},"28":{"start":{"line":49,"column":8},"end":{"line":49,"column":32}},"29":{"start":{"line":49,"column":17},"end":{"line":49,"column":32}},"30":{"start":{"line":52,"column":8},"end":{"line":58,"column":9}},"31":{"start":{"line":53,"column":28},"end":{"line":53,"column":80}},"32":{"start":{"line":54,"column":12},"end":{"line":56,"column":13}},"33":{"start":{"line":55,"column":16},"end":{"line":55,"column":90}},"34":{"start":{"line":57,"column":12},"end":{"line":57,"column":63}},"35":{"start":{"line":60,"column":22},"end":{"line":60,"column":53}},"36":{"start":{"line":63,"column":8},"end":{"line":77,"column":9}},"37":{"start":{"line":64,"column":12},"end":{"line":64,"column":null}},"38":{"start":{"line":65,"column":12},"end":{"line":65,"column":75}},"39":{"start":{"line":66,"column":12},"end":{"line":66,"column":69}},"40":{"start":{"line":68,"column":37},"end":{"line":68,"column":101}},"41":{"start":{"line":69,"column":28},"end":{"line":69,"column":59}},"42":{"start":{"line":70,"column":25},"end":{"line":70,"column":91}},"43":{"start":{"line":71,"column":25},"end":{"line":71,"column":97}},"44":{"start":{"line":73,"column":12},"end":{"line":73,"column":56}},"45":{"start":{"line":76,"column":12},"end":{"line":76,"column":34}},"46":{"start":{"line":80,"column":8},"end":{"line":80,"column":26}},"47":{"start":{"line":82,"column":8},"end":{"line":92,"column":11}},"48":{"start":{"line":94,"column":8},"end":{"line":94,"column":61}},"49":{"start":{"line":95,"column":8},"end":{"line":95,"column":58}},"50":{"start":{"line":99,"column":0},"end":{"line":131,"column":3}},"51":{"start":{"line":100,"column":22},"end":{"line":100,"column":32}},"52":{"start":{"line":102,"column":4},"end":{"line":130,"column":5}},"53":{"start":{"line":103,"column":21},"end":{"line":106,"column":10}},"54":{"start":{"line":108,"column":8},"end":{"line":110,"column":9}},"55":{"start":{"line":109,"column":12},"end":{"line":109,"column":81}},"56":{"start":{"line":113,"column":8},"end":{"line":118,"column":9}},"57":{"start":{"line":114,"column":12},"end":{"line":114,"column":39}},"58":{"start":{"line":115,"column":12},"end":{"line":115,"column":38}},"59":{"start":{"line":117,"column":12},"end":{"line":117,"column":94}},"60":{"start":{"line":120,"column":8},"end":{"line":120,"column":29}},"61":{"start":{"line":121,"column":8},"end":{"line":121,"column":42}},"62":{"start":{"line":122,"column":8},"end":{"line":122,"column":44}},"63":{"start":{"line":124,"column":8},"end":{"line":124,"column":26}},"64":{"start":{"line":126,"column":8},"end":{"line":126,"column":93}},"65":{"start":{"line":128,"column":8},"end":{"line":128,"column":62}},"66":{"start":{"line":129,"column":8},"end":{"line":129,"column":65}},"67":{"start":{"line":138,"column":0},"end":{"line":138,"column":22}}},"fnMap":{"0":{"name":"(anonymous_1)","decl":{"start":{"line":12,"column":42},"end":{"line":12,"column":47}},"loc":{"start":{"line":12,"column":61},"end":{"line":29,"column":1}}},"1":{"name":"(anonymous_2)","decl":{"start":{"line":32,"column":42},"end":{"line":32,"column":47}},"loc":{"start":{"line":32,"column":61},"end":{"line":97,"column":1}}},"2":{"name":"(anonymous_3)","decl":{"start":{"line":99,"column":42},"end":{"line":99,"column":47}},"loc":{"start":{"line":99,"column":61},"end":{"line":131,"column":1}}}},"branchMap":{"0":{"loc":{"start":{"line":15,"column":8},"end":{"line":17,"column":9}},"type":"if","locations":[{"start":{"line":15,"column":8},"end":{"line":17,"column":9}}]},"1":{"loc":{"start":{"line":22,"column":17},"end":{"line":22,"column":31}},"type":"binary-expr","locations":[{"start":{"line":22,"column":17},"end":{"line":22,"column":25}},{"start":{"line":22,"column":29},"end":{"line":22,"column":31}}]},"2":{"loc":{"start":{"line":37,"column":8},"end":{"line":39,"column":9}},"type":"if","locations":[{"start":{"line":37,"column":8},"end":{"line":39,"column":9}}]},"3":{"loc":{"start":{"line":42,"column":8},"end":{"line":44,"column":9}},"type":"if","locations":[{"start":{"line":42,"column":8},"end":{"line":44,"column":9}}]},"4":{"loc":{"start":{"line":47,"column":8},"end":{"line":47,"column":50}},"type":"if","locations":[{"start":{"line":47,"column":8},"end":{"line":47,"column":50}}]},"5":{"loc":{"start":{"line":48,"column":8},"end":{"line":48,"column":47}},"type":"if","locations":[{"start":{"line":48,"column":8},"end":{"line":48,"column":47}}]},"6":{"loc":{"start":{"line":49,"column":8},"end":{"line":49,"column":32}},"type":"if","locations":[{"start":{"line":49,"column":8},"end":{"line":49,"column":32}}]},"7":{"loc":{"start":{"line":52,"column":8},"end":{"line":58,"column":9}},"type":"if","locations":[{"start":{"line":52,"column":8},"end":{"line":58,"column":9}}]},"8":{"loc":{"start":{"line":52,"column":12},"end":{"line":52,"column":42}},"type":"binary-expr","locations":[{"start":{"line":52,"column":12},"end":{"line":52,"column":27}},{"start":{"line":52,"column":31},"end":{"line":52,"column":42}}]},"9":{"loc":{"start":{"line":54,"column":12},"end":{"line":56,"column":13}},"type":"if","locations":[{"start":{"line":54,"column":12},"end":{"line":56,"column":13}}]},"10":{"loc":{"start":{"line":63,"column":8},"end":{"line":77,"column":9}},"type":"if","locations":[{"start":{"line":63,"column":8},"end":{"line":77,"column":9}}]},"11":{"loc":{"start":{"line":63,"column":12},"end":{"line":63,"column":41}},"type":"binary-expr","locations":[{"start":{"line":63,"column":12},"end":{"line":63,"column":17}},{"start":{"line":63,"column":21},"end":{"line":63,"column":41}}]},"12":{"loc":{"start":{"line":108,"column":8},"end":{"line":110,"column":9}},"type":"if","locations":[{"start":{"line":108,"column":8},"end":{"line":110,"column":9}}]},"13":{"loc":{"start":{"line":113,"column":8},"end":{"line":118,"column":9}},"type":"if","locations":[{"start":{"line":113,"column":8},"end":{"line":118,"column":9}},{"start":{"line":116,"column":15},"end":{"line":118,"column":9}}]}},"s":{"0":1,"1":1,"2":1,"3":1,"4":1,"5":1,"6":1,"7":1,"8":1,"9":0,"10":0,"11":0,"12":0,"13":0,"14":0,"15":0,"16":1,"17":0,"18":0,"19":0,"20":0,"21":0,"22":0,"23":0,"24":0,"25":0,"26":0,"27":0,"28":0,"29":0,"30":0,"31":0,"32":0,"33":0,"34":0,"35":0,"36":0,"37":0,"38":0,"39":0,"40":0,"41":0,"42":0,"43":0,"44":0,"45":0,"46":0,"47":0,"48":0,"49":0,"50":1,"51":0,"52":0,"53":0,"54":0,"55":0,"56":0,"57":0,"58":0,"59":0,"60":0,"61":0,"62":0,"63":0,"64":0,"65":0,"66":0,"67":1},"f":{"0":0,"1":0,"2":0},"b":{"0":[0],"1":[0,0],"2":[0],"3":[0],"4":[0],"5":[0],"6":[0],"7":[0],"8":[0,0],"9":[0],"10":[0],"11":[0,0],"12":[0],"13":[0,0]}}
,"C:\\Users\\Daniel\\Documents\\GitHub\\CampusLink\\app\\backend\\src\\utils\\FriendCode.ts": {"path":"C:\\Users\\Daniel\\Documents\\GitHub\\CampusLink\\app\\backend\\src\\utils\\FriendCode.ts","statementMap":{"0":{"start":{"line":1,"column":0},"end":{"line":1,"column":34}},"1":{"start":{"line":4,"column":27},"end":{"line":11,"column":1}},"2":{"start":{"line":5,"column":18},"end":{"line":5,"column":82}},"3":{"start":{"line":6,"column":21},"end":{"line":6,"column":23}},"4":{"start":{"line":7,"column":4},"end":{"line":9,"column":5}},"5":{"start":{"line":7,"column":17},"end":{"line":7,"column":18}},"6":{"start":{"line":8,"column":8},"end":{"line":8,"column":70}},"7":{"start":{"line":10,"column":4},"end":{"line":10,"column":22}},"8":{"start":{"line":14,"column":40},"end":{"line":29,"column":1}},"9":{"start":{"line":18,"column":4},"end":{"line":25,"column":27}},"10":{"start":{"line":19,"column":8},"end":{"line":19,"column":42}},"11":{"start":{"line":20,"column":8},"end":{"line":20,"column":60}},"12":{"start":{"line":21,"column":8},"end":{"line":21,"column":58}},"13":{"start":{"line":22,"column":8},"end":{"line":24,"column":9}},"14":{"start":{"line":23,"column":12},"end":{"line":23,"column":91}},"15":{"start":{"line":27,"column":4},"end":{"line":27,"column":59}},"16":{"start":{"line":28,"column":4},"end":{"line":28,"column":22}},"17":{"start":{"line":14,"column":13},"end":{"line":14,"column":40}}},"fnMap":{"0":{"name":"(anonymous_1)","decl":{"start":{"line":4,"column":27},"end":{"line":4,"column":38}},"loc":{"start":{"line":4,"column":40},"end":{"line":11,"column":1}}},"1":{"name":"(anonymous_2)","decl":{"start":{"line":14,"column":40},"end":{"line":14,"column":45}},"loc":{"start":{"line":14,"column":68},"end":{"line":29,"column":1}}}},"branchMap":{"0":{"loc":{"start":{"line":22,"column":8},"end":{"line":24,"column":9}},"type":"if","locations":[{"start":{"line":22,"column":8},"end":{"line":24,"column":9}}]}},"s":{"0":1,"1":1,"2":0,"3":0,"4":0,"5":0,"6":0,"7":0,"8":1,"9":0,"10":0,"11":0,"12":0,"13":0,"14":0,"15":0,"16":0,"17":1},"f":{"0":0,"1":0},"b":{"0":[0]}}
,"C:\\Users\\Daniel\\Documents\\GitHub\\CampusLink\\app\\backend\\src\\utils\\SendEmails.ts": {"path":"C:\\Users\\Daniel\\Documents\\GitHub\\CampusLink\\app\\backend\\src\\utils\\SendEmails.ts","statementMap":{"0":{"start":{"line":1,"column":0},"end":{"line":1,"column":36}},"1":{"start":{"line":2,"column":0},"end":{"line":2,"column":28}},"2":{"start":{"line":4,"column":0},"end":{"line":4,"column":16}},"3":{"start":{"line":7,"column":0},"end":{"line":7,"column":132}},"4":{"start":{"line":10,"column":25},"end":{"line":35,"column":1}},"5":{"start":{"line":11,"column":22},"end":{"line":11,"column":74}},"6":{"start":{"line":13,"column":16},"end":{"line":19,"column":6}},"7":{"start":{"line":21,"column":4},"end":{"line":34,"column":5}},"8":{"start":{"line":22,"column":8},"end":{"line":22,"column":31}},"9":{"start":{"line":25,"column":8},"end":{"line":33,"column":9}},"10":{"start":{"line":26,"column":12},"end":{"line":30,"column":13}},"11":{"start":{"line":27,"column":16},"end":{"line":27,"column":88}},"12":{"start":{"line":29,"column":16},"end":{"line":29,"column":63}},"13":{"start":{"line":32,"column":12},"end":{"line":32,"column":54}},"14":{"start":{"line":10,"column":13},"end":{"line":10,"column":25}}},"fnMap":{"0":{"name":"(anonymous_1)","decl":{"start":{"line":10,"column":25},"end":{"line":10,"column":30}},"loc":{"start":{"line":10,"column":91},"end":{"line":35,"column":1}}}},"branchMap":{"0":{"loc":{"start":{"line":7,"column":17},"end":{"line":7,"column":130}},"type":"binary-expr","locations":[{"start":{"line":7,"column":17},"end":{"line":7,"column":55}},{"start":{"line":7,"column":59},"end":{"line":7,"column":130}}]},"1":{"loc":{"start":{"line":11,"column":22},"end":{"line":11,"column":74}},"type":"binary-expr","locations":[{"start":{"line":11,"column":22},"end":{"line":11,"column":44}},{"start":{"line":11,"column":48},"end":{"line":11,"column":74}}]},"2":{"loc":{"start":{"line":25,"column":8},"end":{"line":33,"column":9}},"type":"if","locations":[{"start":{"line":25,"column":8},"end":{"line":33,"column":9}},{"start":{"line":31,"column":15},"end":{"line":33,"column":9}}]},"3":{"loc":{"start":{"line":26,"column":12},"end":{"line":30,"column":13}},"type":"if","locations":[{"start":{"line":26,"column":12},"end":{"line":30,"column":13}},{"start":{"line":28,"column":19},"end":{"line":30,"column":13}}]},"4":{"loc":{"start":{"line":26,"column":17},"end":{"line":26,"column":71}},"type":"binary-expr","locations":[{"start":{"line":26,"column":17},"end":{"line":26,"column":39}},{"start":{"line":26,"column":44},"end":{"line":26,"column":71}}]}},"s":{"0":1,"1":1,"2":1,"3":1,"4":1,"5":0,"6":0,"7":0,"8":0,"9":0,"10":0,"11":0,"12":0,"13":0,"14":1},"f":{"0":0},"b":{"0":[1,1],"1":[0,0],"2":[0,0],"3":[0,0],"4":[0,0]}}
,"C:\\Users\\Daniel\\Documents\\GitHub\\CampusLink\\app\\backend\\src\\utils\\db.ts": {"path":"C:\\Users\\Daniel\\Documents\\GitHub\\CampusLink\\app\\backend\\src\\utils\\db.ts","statementMap":{"0":{"start":{"line":1,"column":0},"end":{"line":1,"column":32}},"1":{"start":{"line":3,"column":33},"end":{"line":11,"column":1}},"2":{"start":{"line":4,"column":4},"end":{"line":10,"column":5}},"3":{"start":{"line":5,"column":8},"end":{"line":5,"column":58}},"4":{"start":{"line":6,"column":8},"end":{"line":6,"column":44}},"5":{"start":{"line":8,"column":8},"end":{"line":8,"column":78}},"6":{"start":{"line":9,"column":8},"end":{"line":9,"column":18}},"7":{"start":{"line":3,"column":13},"end":{"line":3,"column":33}},"8":{"start":{"line":13,"column":38},"end":{"line":21,"column":1}},"9":{"start":{"line":14,"column":4},"end":{"line":20,"column":5}},"10":{"start":{"line":15,"column":8},"end":{"line":15,"column":42}},"11":{"start":{"line":16,"column":8},"end":{"line":16,"column":49}},"12":{"start":{"line":18,"column":8},"end":{"line":18,"column":83}},"13":{"start":{"line":19,"column":8},"end":{"line":19,"column":18}},"14":{"start":{"line":13,"column":13},"end":{"line":13,"column":38}}},"fnMap":{"0":{"name":"(anonymous_1)","decl":{"start":{"line":3,"column":33},"end":{"line":3,"column":38}},"loc":{"start":{"line":3,"column":57},"end":{"line":11,"column":1}}},"1":{"name":"(anonymous_2)","decl":{"start":{"line":13,"column":38},"end":{"line":13,"column":43}},"loc":{"start":{"line":13,"column":49},"end":{"line":21,"column":1}}}},"branchMap":{},"s":{"0":1,"1":1,"2":1,"3":1,"4":0,"5":0,"6":0,"7":1,"8":1,"9":0,"10":0,"11":0,"12":0,"13":0,"14":1},"f":{"0":1,"1":0},"b":{}}
}
